Time 0.297213792801
(array([ -7.57134920e-04,   4.56120617e-03,   1.10151771e-02,
         4.32734485e-03,  -4.32960207e-03,  -2.93047189e-03,
         1.55287686e-03,   7.32740853e-02,  -1.44845875e-02,
        -9.72859236e-04,   1.24962257e-04,   4.07671228e-03,
         4.32179142e-03,   4.85873088e-03,  -1.01295250e-02,
        -1.04630240e-02,  -1.68672391e-02,   6.32273237e-03,
        -2.45068554e-03,   1.47660969e-01,  -2.75531350e-03,
        -3.26145499e-04,   2.32356758e-03,   5.87315444e-04,
        -8.58911485e-03,   1.25009607e-02,  -1.21220276e-02,
         5.36699354e-03,   4.32172989e-03,  -9.60482395e-03,
         5.69448497e-03,   1.46505377e-02,  -8.17735299e-03,
         1.14827745e-02,   9.68734491e-04,   9.89830154e-04,
         1.59512886e-01,   5.46065056e-03,  -8.16956457e-04,
         1.39378796e-02,  -5.54792499e-03,   4.14688862e-02,
         1.29167128e-02,  -6.34759673e-03,  -6.19435644e-03,
         9.19443207e-03,   5.68022267e-03,   1.59260316e-02,
         3.15741872e-03,  -3.07099125e-03,  -6.33004627e-04,
        -1.26381639e-02,   6.01859418e-03,  -7.88322861e-03,
         3.22611876e-03,   3.01257988e-03,   2.68519103e-03,
        -5.00339090e-03,   4.72470492e-03,  -4.10996302e-03,
         4.00383103e-03,   2.06854484e-02,   5.79746649e-03,
         1.03141774e-01,   5.70639203e-03,   3.56448952e-02,
        -1.71104960e-03,  -2.23142828e-03,  -1.78260479e-03,
         2.73464323e-02,   3.94778211e-03,   4.25351275e-03,
         1.89579028e-02,   4.02694382e-03,   4.68361497e-03,
        -5.94433595e-04,   9.62021166e-03,   3.12832085e-04,
         2.29061229e-03,   3.32672448e-03,   1.11610928e-02,
         2.85777394e-03,   1.31343478e-02,   5.80944444e-03,
         3.69204891e-03,   1.22779017e-02,  -1.46078889e-02,
         1.47487863e-03,  -2.76080722e-03,   1.53789991e-03,
        -1.58204662e-03,   3.00927392e-03,  -5.43990971e-04,
        -1.53855970e-02,  -5.48269007e-03,  -1.27068339e-02,
        -1.49501700e-02,   4.15966758e-03,   1.06713914e-03,
        -3.36845512e-03]), array([-0.00052687]))
Accuracy 0.00303651734374
Time 2.66209793091
(array([-0.0007011 ,  0.00468069,  0.01097066,  0.00420543, -0.00446128,
       -0.00304522,  0.00138656,  0.07321086, -0.0144279 , -0.00113438,
        0.00036372,  0.0042215 ,  0.00445521,  0.00488276, -0.01023445,
       -0.01059192, -0.01689735,  0.0063109 , -0.00227983,  0.14786077,
       -0.00251893, -0.00047568,  0.00242193,  0.00018847, -0.00856014,
        0.01251757, -0.01203157,  0.00533142,  0.00429243, -0.00955505,
        0.00574322,  0.01468443, -0.00818942,  0.01136637,  0.0011055 ,
        0.00088817,  0.15955854,  0.00540632, -0.00079328,  0.0137428 ,
       -0.00533416,  0.04162202,  0.01266039, -0.00622971, -0.006276  ,
        0.00911912,  0.00570074,  0.01597649,  0.00304505, -0.00310238,
       -0.00073282, -0.01255978,  0.00600902, -0.00802981,  0.00316417,
        0.00300297,  0.00289614, -0.00495163,  0.00475506, -0.00387007,
        0.00414141,  0.02057209,  0.0055915 ,  0.10319778,  0.00547248,
        0.03581091, -0.00181124, -0.00238986, -0.00184403,  0.0274108 ,
        0.00402648,  0.00437608,  0.0189962 ,  0.00423582,  0.00466987,
       -0.00046122,  0.0094297 ,  0.00041308,  0.00204593,  0.00358481,
        0.01115854,  0.00315175,  0.01328188,  0.00588111,  0.00367262,
        0.01222239, -0.01485401,  0.00132631, -0.00256051,  0.00147493,
       -0.00156173,  0.0030666 , -0.00061591, -0.01533778, -0.00531063,
       -0.01277877, -0.01505761,  0.00399128,  0.00093404, -0.00335076]), array([-0.00261261]))
Accuracy 0.00313892564944
